<?xml version="1.0" encoding="UTF-8"?>
<!-- Generated by org.testng.reporters.JUnitXMLReporter -->
<testsuite hostname="DESKTOP-2C7DCHN" name="Test" tests="5" failures="2" timestamp="8 Apr 2022 12:36:43 GMT" time="102.094" errors="0">
  <testcase name="verifyCreateAccount" time="11.588" classname="testCases.CreateAccountTC"/>
  <testcase name="verifyCreateAccount" time="15.518" classname="testCases.CreateAccountTC">
    <failure type="org.testng.TestException" message="
failed while performing mr actionjava.lang.reflect.InvocationTargetException
Build info: version: &amp;apos;3.141.59&amp;apos;, revision: &amp;apos;e82be7d358&amp;apos;, time: &amp;apos;2018-11-14T08:17:03&amp;apos;
System info: host: &amp;apos;DESKTOP-2C7DCHN&amp;apos;, ip: &amp;apos;192.168.0.175&amp;apos;, os.name: &amp;apos;Windows 10&amp;apos;, os.arch: &amp;apos;amd64&amp;apos;, os.version: &amp;apos;10.0&amp;apos;, java.version: &amp;apos;1.8.0_321&amp;apos;
Driver info: driver.version: RemoteWebDriver">
      <![CDATA[org.testng.TestException: 
Build info: version: '3.141.59', revision: 'e82be7d358', time: '2018-11-14T08:17:03'
System info: host: 'DESKTOP-2C7DCHN', ip: '192.168.0.175', os.name: 'Windows 10', os.arch: 'amd64', os.version: '10.0', java.version: '1.8.0_321'
Driver info: driver.version: RemoteWebDriver
	at pageObjects.CreateAccountPageObjects.performclick(CreateAccountPageObjects.java:207)
	at testCases.CreateAccountTC.verifyCreateAccount(CreateAccountTC.java:57)
... Removed 25 stack frames]]>
    </failure>
  </testcase> <!-- verifyCreateAccount -->
  <testcase name="verifyCreateAccount" time="16.077" classname="testCases.CreateAccountTC">
    <failure type="org.testng.TestException" message="
failed while performing mr actionjava.lang.reflect.InvocationTargetException
Build info: version: &amp;apos;3.141.59&amp;apos;, revision: &amp;apos;e82be7d358&amp;apos;, time: &amp;apos;2018-11-14T08:17:03&amp;apos;
System info: host: &amp;apos;DESKTOP-2C7DCHN&amp;apos;, ip: &amp;apos;192.168.0.175&amp;apos;, os.name: &amp;apos;Windows 10&amp;apos;, os.arch: &amp;apos;amd64&amp;apos;, os.version: &amp;apos;10.0&amp;apos;, java.version: &amp;apos;1.8.0_321&amp;apos;
Driver info: driver.version: RemoteWebDriver">
      <![CDATA[org.testng.TestException: 
Build info: version: '3.141.59', revision: 'e82be7d358', time: '2018-11-14T08:17:03'
System info: host: 'DESKTOP-2C7DCHN', ip: '192.168.0.175', os.name: 'Windows 10', os.arch: 'amd64', os.version: '10.0', java.version: '1.8.0_321'
Driver info: driver.version: RemoteWebDriver
	at pageObjects.CreateAccountPageObjects.performclick(CreateAccountPageObjects.java:207)
	at testCases.CreateAccountTC.verifyCreateAccount(CreateAccountTC.java:57)
... Removed 25 stack frames]]>
    </failure>
  </testcase> <!-- verifyCreateAccount -->
  <testcase name="verifyCreateMyAccount" time="3.337" classname="testCases.CreateAccountTC"/>
  <testcase name="verifyHomePage" time="4.503" classname="testCases.SignInAccountTC"/>
</testsuite> <!-- Test -->
