<?xml version="1.0" encoding="UTF-8"?>
<testng-results skipped="0" failed="2" total="5" passed="3">
  <reporter-output>
  </reporter-output>
  <suite name="Suite" duration-ms="102094" started-at="2022-04-08T12:35:00Z" finished-at="2022-04-08T12:36:43Z">
    <groups>
      <group name="Sanity">
        <method signature="CreateAccountTC.verifyCreateMyAccount(java.lang.String)[pri:0, instance:testCases.CreateAccountTC@32cf48b7]" name="verifyCreateMyAccount" class="testCases.CreateAccountTC"/>
        <method signature="SignInAccountTC.verifyHomePage(java.lang.String, java.lang.String)[pri:0, instance:testCases.SignInAccountTC@679b62af]" name="verifyHomePage" class="testCases.SignInAccountTC"/>
      </group> <!-- Sanity -->
      <group name="Smoke">
        <method signature="CreateAccountTC.verifyCreateAccount(java.util.HashMap)[pri:0, instance:testCases.CreateAccountTC@32cf48b7]" name="verifyCreateAccount" class="testCases.CreateAccountTC"/>
      </group> <!-- Smoke -->
    </groups>
    <test name="Test" duration-ms="102094" started-at="2022-04-08T12:35:00Z" finished-at="2022-04-08T12:36:43Z">
      <class name="testCases.CreateAccountTC">
        <test-method status="PASS" signature="loadConfig()[pri:0, instance:testCases.CreateAccountTC@32cf48b7]" name="loadConfig" is-config="true" duration-ms="232" started-at="2022-04-08T05:35:00Z" finished-at="2022-04-08T05:35:00Z">
          <reporter-output>
          </reporter-output>
        </test-method> <!-- loadConfig -->
        <test-method status="PASS" signature="setup(java.lang.String)[pri:0, instance:testCases.CreateAccountTC@32cf48b7]" name="setup" is-config="true" duration-ms="17163" started-at="2022-04-08T05:35:01Z" finished-at="2022-04-08T05:35:18Z">
          <params>
            <param index="0">
              <value>
                <![CDATA[Chrome]]>
              </value>
            </param>
          </params>
          <reporter-output>
          </reporter-output>
        </test-method> <!-- setup -->
        <test-method status="PASS" signature="verifyCreateAccount(java.util.HashMap)[pri:0, instance:testCases.CreateAccountTC@32cf48b7]" name="verifyCreateAccount" duration-ms="11588" started-at="2022-04-08T05:35:18Z" data-provider="AccountCreationData" finished-at="2022-04-08T05:35:30Z">
          <params>
            <param index="0">
              <value>
                <![CDATA[{Company=ABCDEF, Email=newtest111@gmail.com, Address=EDFG123, FirstName=TestUser, Gender=Mrs, City=San, MobilePhone=8489875678, Month=7, Year=1985, State=Alabama, Zipcode=91436, Country=United States, LastName=UserTest, SetPassword=hgsdtyf, Day=22}]]>
              </value>
            </param>
          </params>
          <reporter-output>
          </reporter-output>
        </test-method> <!-- verifyCreateAccount -->
        <test-method status="PASS" signature="setup(java.lang.String)[pri:0, instance:testCases.CreateAccountTC@32cf48b7]" name="setup" is-config="true" duration-ms="9132" started-at="2022-04-08T05:35:30Z" finished-at="2022-04-08T05:35:39Z">
          <params>
            <param index="0">
              <value>
                <![CDATA[Chrome]]>
              </value>
            </param>
          </params>
          <reporter-output>
          </reporter-output>
        </test-method> <!-- setup -->
        <test-method status="PASS" signature="tearDown()[pri:0, instance:testCases.CreateAccountTC@32cf48b7]" name="tearDown" is-config="true" duration-ms="0" started-at="2022-04-08T05:35:30Z" finished-at="2022-04-08T05:35:30Z">
          <reporter-output>
          </reporter-output>
        </test-method> <!-- tearDown -->
        <test-method status="FAIL" signature="verifyCreateAccount(java.util.HashMap)[pri:0, instance:testCases.CreateAccountTC@32cf48b7]" name="verifyCreateAccount" duration-ms="15518" started-at="2022-04-08T05:35:39Z" data-provider="AccountCreationData" finished-at="2022-04-08T05:35:54Z">
          <params>
            <param index="0">
              <value>
                <![CDATA[{Company=ABCDEF, Email=newtest2@gmail.com, Address=EDFG123, FirstName=TestUser, Gender=Mrs, City=San, MobilePhone=8489875678, Month=7, Year=1985, State=Alabama, Zipcode=91436, Country=United States, LastName=UserTest, SetPassword=hgsdtyf, Day=22}]]>
              </value>
            </param>
          </params>
          <exception class="org.testng.TestException">
            <message>
              <![CDATA[
failed while performing mr actionjava.lang.reflect.InvocationTargetException
Build info: version: '3.141.59', revision: 'e82be7d358', time: '2018-11-14T08:17:03'
System info: host: 'DESKTOP-2C7DCHN', ip: '192.168.0.175', os.name: 'Windows 10', os.arch: 'amd64', os.version: '10.0', java.version: '1.8.0_321'
Driver info: driver.version: RemoteWebDriver]]>
            </message>
            <full-stacktrace>
              <![CDATA[org.testng.TestException: 
failed while performing mr actionjava.lang.reflect.InvocationTargetException
Build info: version: '3.141.59', revision: 'e82be7d358', time: '2018-11-14T08:17:03'
System info: host: 'DESKTOP-2C7DCHN', ip: '192.168.0.175', os.name: 'Windows 10', os.arch: 'amd64', os.version: '10.0', java.version: '1.8.0_321'
Driver info: driver.version: RemoteWebDriver
	at pageObjects.CreateAccountPageObjects.performclick(CreateAccountPageObjects.java:207)
	at testCases.CreateAccountTC.verifyCreateAccount(CreateAccountTC.java:57)
	at sun.reflect.NativeMethodAccessorImpl.invoke0(Native Method)
	at sun.reflect.NativeMethodAccessorImpl.invoke(NativeMethodAccessorImpl.java:62)
	at sun.reflect.DelegatingMethodAccessorImpl.invoke(DelegatingMethodAccessorImpl.java:43)
	at java.lang.reflect.Method.invoke(Method.java:498)
	at org.testng.internal.MethodInvocationHelper.invokeMethod(MethodInvocationHelper.java:86)
	at org.testng.internal.Invoker.invokeMethod(Invoker.java:645)
	at org.testng.internal.Invoker.invokeTestMethod(Invoker.java:822)
	at org.testng.internal.Invoker.invokeTestMethods(Invoker.java:1130)
	at org.testng.internal.TestMethodWorker.invokeTestMethods(TestMethodWorker.java:129)
	at org.testng.internal.TestMethodWorker.run(TestMethodWorker.java:112)
	at org.testng.TestRunner.privateRun(TestRunner.java:782)
	at org.testng.TestRunner.run(TestRunner.java:632)
	at org.testng.SuiteRunner.runTest(SuiteRunner.java:366)
	at org.testng.SuiteRunner.runSequentially(SuiteRunner.java:361)
	at org.testng.SuiteRunner.privateRun(SuiteRunner.java:319)
	at org.testng.SuiteRunner.run(SuiteRunner.java:268)
	at org.testng.SuiteRunnerWorker.runSuite(SuiteRunnerWorker.java:52)
	at org.testng.SuiteRunnerWorker.run(SuiteRunnerWorker.java:86)
	at org.testng.TestNG.runSuitesSequentially(TestNG.java:1244)
	at org.testng.TestNG.runSuitesLocally(TestNG.java:1169)
	at org.testng.TestNG.run(TestNG.java:1064)
	at org.testng.remote.RemoteTestNG.run(RemoteTestNG.java:113)
	at org.testng.remote.RemoteTestNG.initAndRun(RemoteTestNG.java:206)
	at org.testng.remote.RemoteTestNG.main(RemoteTestNG.java:177)
]]>
            </full-stacktrace>
          </exception> <!-- org.testng.TestException -->
          <reporter-output>
          </reporter-output>
        </test-method> <!-- verifyCreateAccount -->
        <test-method status="PASS" signature="tearDown()[pri:0, instance:testCases.CreateAccountTC@32cf48b7]" name="tearDown" is-config="true" duration-ms="0" started-at="2022-04-08T05:35:55Z" finished-at="2022-04-08T05:35:55Z">
          <reporter-output>
          </reporter-output>
        </test-method> <!-- tearDown -->
        <test-method status="PASS" signature="setup(java.lang.String)[pri:0, instance:testCases.CreateAccountTC@32cf48b7]" name="setup" is-config="true" duration-ms="8252" started-at="2022-04-08T05:35:55Z" finished-at="2022-04-08T05:36:03Z">
          <params>
            <param index="0">
              <value>
                <![CDATA[Chrome]]>
              </value>
            </param>
          </params>
          <reporter-output>
          </reporter-output>
        </test-method> <!-- setup -->
        <test-method status="FAIL" signature="verifyCreateAccount(java.util.HashMap)[pri:0, instance:testCases.CreateAccountTC@32cf48b7]" name="verifyCreateAccount" duration-ms="16077" started-at="2022-04-08T05:36:03Z" data-provider="AccountCreationData" finished-at="2022-04-08T05:36:19Z">
          <params>
            <param index="0">
              <value>
                <![CDATA[{Company=ABCDEF, Email=newtest3@gmail.com, Address=EDFG123, FirstName=TestUser, Gender=Mrs, City=San, MobilePhone=8489875678, Month=7, Year=1985, State=Alabama, Zipcode=91436, Country=United States, LastName=UserTest, SetPassword=hgsdtyf, Day=22}]]>
              </value>
            </param>
          </params>
          <exception class="org.testng.TestException">
            <message>
              <![CDATA[
failed while performing mr actionjava.lang.reflect.InvocationTargetException
Build info: version: '3.141.59', revision: 'e82be7d358', time: '2018-11-14T08:17:03'
System info: host: 'DESKTOP-2C7DCHN', ip: '192.168.0.175', os.name: 'Windows 10', os.arch: 'amd64', os.version: '10.0', java.version: '1.8.0_321'
Driver info: driver.version: RemoteWebDriver]]>
            </message>
            <full-stacktrace>
              <![CDATA[org.testng.TestException: 
failed while performing mr actionjava.lang.reflect.InvocationTargetException
Build info: version: '3.141.59', revision: 'e82be7d358', time: '2018-11-14T08:17:03'
System info: host: 'DESKTOP-2C7DCHN', ip: '192.168.0.175', os.name: 'Windows 10', os.arch: 'amd64', os.version: '10.0', java.version: '1.8.0_321'
Driver info: driver.version: RemoteWebDriver
	at pageObjects.CreateAccountPageObjects.performclick(CreateAccountPageObjects.java:207)
	at testCases.CreateAccountTC.verifyCreateAccount(CreateAccountTC.java:57)
	at sun.reflect.NativeMethodAccessorImpl.invoke0(Native Method)
	at sun.reflect.NativeMethodAccessorImpl.invoke(NativeMethodAccessorImpl.java:62)
	at sun.reflect.DelegatingMethodAccessorImpl.invoke(DelegatingMethodAccessorImpl.java:43)
	at java.lang.reflect.Method.invoke(Method.java:498)
	at org.testng.internal.MethodInvocationHelper.invokeMethod(MethodInvocationHelper.java:86)
	at org.testng.internal.Invoker.invokeMethod(Invoker.java:645)
	at org.testng.internal.Invoker.invokeTestMethod(Invoker.java:822)
	at org.testng.internal.Invoker.invokeTestMethods(Invoker.java:1130)
	at org.testng.internal.TestMethodWorker.invokeTestMethods(TestMethodWorker.java:129)
	at org.testng.internal.TestMethodWorker.run(TestMethodWorker.java:112)
	at org.testng.TestRunner.privateRun(TestRunner.java:782)
	at org.testng.TestRunner.run(TestRunner.java:632)
	at org.testng.SuiteRunner.runTest(SuiteRunner.java:366)
	at org.testng.SuiteRunner.runSequentially(SuiteRunner.java:361)
	at org.testng.SuiteRunner.privateRun(SuiteRunner.java:319)
	at org.testng.SuiteRunner.run(SuiteRunner.java:268)
	at org.testng.SuiteRunnerWorker.runSuite(SuiteRunnerWorker.java:52)
	at org.testng.SuiteRunnerWorker.run(SuiteRunnerWorker.java:86)
	at org.testng.TestNG.runSuitesSequentially(TestNG.java:1244)
	at org.testng.TestNG.runSuitesLocally(TestNG.java:1169)
	at org.testng.TestNG.run(TestNG.java:1064)
	at org.testng.remote.RemoteTestNG.run(RemoteTestNG.java:113)
	at org.testng.remote.RemoteTestNG.initAndRun(RemoteTestNG.java:206)
	at org.testng.remote.RemoteTestNG.main(RemoteTestNG.java:177)
]]>
            </full-stacktrace>
          </exception> <!-- org.testng.TestException -->
          <reporter-output>
          </reporter-output>
        </test-method> <!-- verifyCreateAccount -->
        <test-method status="PASS" signature="tearDown()[pri:0, instance:testCases.CreateAccountTC@32cf48b7]" name="tearDown" is-config="true" duration-ms="0" started-at="2022-04-08T05:36:19Z" finished-at="2022-04-08T05:36:19Z">
          <reporter-output>
          </reporter-output>
        </test-method> <!-- tearDown -->
        <test-method status="PASS" signature="setup(java.lang.String)[pri:0, instance:testCases.CreateAccountTC@32cf48b7]" name="setup" is-config="true" duration-ms="7286" started-at="2022-04-08T05:36:19Z" finished-at="2022-04-08T05:36:27Z">
          <params>
            <param index="0">
              <value>
                <![CDATA[Chrome]]>
              </value>
            </param>
          </params>
          <reporter-output>
          </reporter-output>
        </test-method> <!-- setup -->
        <test-method status="PASS" signature="verifyCreateMyAccount(java.lang.String)[pri:0, instance:testCases.CreateAccountTC@32cf48b7]" name="verifyCreateMyAccount" duration-ms="3337" started-at="2022-04-08T05:36:27Z" data-provider="CreateAccount" finished-at="2022-04-08T05:36:30Z">
          <params>
            <param index="0">
              <value>
                <![CDATA[ghfsdtyfg@gmail.com]]>
              </value>
            </param>
          </params>
          <reporter-output>
          </reporter-output>
        </test-method> <!-- verifyCreateMyAccount -->
        <test-method status="PASS" signature="tearDown()[pri:0, instance:testCases.CreateAccountTC@32cf48b7]" name="tearDown" is-config="true" duration-ms="0" started-at="2022-04-08T05:36:30Z" finished-at="2022-04-08T05:36:30Z">
          <reporter-output>
          </reporter-output>
        </test-method> <!-- tearDown -->
        <test-method status="PASS" signature="afterSuite()[pri:0, instance:testCases.CreateAccountTC@32cf48b7]" name="afterSuite" is-config="true" duration-ms="1023" started-at="2022-04-08T05:36:43Z" finished-at="2022-04-08T05:36:44Z">
          <reporter-output>
          </reporter-output>
        </test-method> <!-- afterSuite -->
      </class> <!-- testCases.CreateAccountTC -->
      <class name="testCases.SignInAccountTC">
        <test-method status="PASS" signature="setup(java.lang.String)[pri:0, instance:testCases.SignInAccountTC@679b62af]" name="setup" is-config="true" duration-ms="8014" started-at="2022-04-08T05:36:30Z" finished-at="2022-04-08T05:36:38Z">
          <params>
            <param index="0">
              <value>
                <![CDATA[Chrome]]>
              </value>
            </param>
          </params>
          <reporter-output>
          </reporter-output>
        </test-method> <!-- setup -->
        <test-method status="PASS" signature="verifyHomePage(java.lang.String, java.lang.String)[pri:0, instance:testCases.SignInAccountTC@679b62af]" name="verifyHomePage" duration-ms="4503" started-at="2022-04-08T05:36:38Z" data-provider="Credentials" finished-at="2022-04-08T05:36:43Z">
          <params>
            <param index="0">
              <value>
                <![CDATA[admin@xyz.com]]>
              </value>
            </param>
            <param index="1">
              <value>
                <![CDATA[admin@123]]>
              </value>
            </param>
          </params>
          <reporter-output>
          </reporter-output>
        </test-method> <!-- verifyHomePage -->
        <test-method status="PASS" signature="tearDown()[pri:0, instance:testCases.SignInAccountTC@679b62af]" name="tearDown" is-config="true" duration-ms="0" started-at="2022-04-08T05:36:43Z" finished-at="2022-04-08T05:36:43Z">
          <reporter-output>
          </reporter-output>
        </test-method> <!-- tearDown -->
      </class> <!-- testCases.SignInAccountTC -->
    </test> <!-- Test -->
  </suite> <!-- Suite -->
</testng-results>
