<?xml version="1.0" encoding="UTF-8"?>
<!-- Generated by org.testng.reporters.JUnitXMLReporter -->
<testsuite hostname="DESKTOP-2C7DCHN" name="IE_test" tests="1" failures="0" timestamp="30 Mar 2022 13:43:19 GMT" time="5.454" errors="0">
  <testcase name="@BeforeMethod setup" time="0.0" classname="testCases.SignInAccountTC">
    <failure type="org.testng.TestException" message="
Failed while launching browserUnexpected error launching Internet Explorer. Browser zoom level was set to 200%. It should be set to 100%
Build info: version: &amp;apos;3.141.59&amp;apos;, revision: &amp;apos;e82be7d358&amp;apos;, time: &amp;apos;2018-11-14T08:17:03&amp;apos;
System info: host: &amp;apos;DESKTOP-2C7DCHN&amp;apos;, ip: &amp;apos;192.168.0.175&amp;apos;, os.name: &amp;apos;Windows 10&amp;apos;, os.arch: &amp;apos;amd64&amp;apos;, os.version: &amp;apos;10.0&amp;apos;, java.version: &amp;apos;1.8.0_321&amp;apos;
Driver info: driver.version: InternetExplorerDriver
remote stacktrace: ">
      <![CDATA[org.testng.TestException: 
Failed while launching browserUnexpected error launching Internet Explorer. Browser zoom level was set to 200%. It should be set to 100%
Build info: version: '3.141.59', revision: 'e82be7d358', time: '2018-11-14T08:17:03'
System info: host: 'DESKTOP-2C7DCHN', ip: '192.168.0.175', os.name: 'Windows 10', os.arch: 'amd64', os.version: '10.0', java.version: '1.8.0_321'
Driver info: driver.version: InternetExplorerDriver
remote stacktrace: 
	at basepackage.Base.launchApp(Base.java:84)
	at testCases.SignInAccountTC.setup(SignInAccountTC.java:20)
	at java.util.concurrent.FutureTask.run(FutureTask.java:266)
	at java.util.concurrent.ThreadPoolExecutor.runWorker(ThreadPoolExecutor.java:1149)
	at java.util.concurrent.ThreadPoolExecutor$Worker.run(ThreadPoolExecutor.java:624)
	at java.lang.Thread.run(Thread.java:750)
... Removed 18 stack frames]]>
    </failure>
  </testcase> <!-- @BeforeMethod setup -->
  <testcase name="@AfterMethod tearDown" time="0.0" classname="testCases.SignInAccountTC">
    <skipped/>
  </testcase> <!-- @AfterMethod tearDown -->
  <testcase name="verifyHomePage" time="0.0" classname="testCases.SignInAccountTC">
    <skipped/>
  </testcase> <!-- verifyHomePage -->
</testsuite> <!-- IE_test -->
